0 info it worked if it ends with ok
1 verbose cli [ '/usr/bin/node', '/usr/bin/npm', 'install' ]
2 info using npm@1.4.28
3 info using node@v0.10.36
4 verbose node symlink /usr/bin/node
5 warn package.json angular-material-test@0.0.0 No repository field.
6 verbose readDependencies using package.json deps
7 verbose install where, deps [ '/home/maurizio/angularJs-apps/events-manager',
7 verbose install   [ 'colors',
7 verbose install     'connect-livereload',
7 verbose install     'express',
7 verbose install     'gulp',
7 verbose install     'gulp-develop-server',
7 verbose install     'gulp-livereload',
7 verbose install     'tiny-lr' ] ]
8 info preinstall angular-material-test@0.0.0
9 verbose readDependencies using package.json deps
10 verbose cache add [ 'colors@^1.0.3', null ]
11 verbose cache add name=undefined spec="colors@^1.0.3" args=["colors@^1.0.3",null]
12 verbose parsed url { protocol: null,
12 verbose parsed url   slashes: null,
12 verbose parsed url   auth: null,
12 verbose parsed url   host: null,
12 verbose parsed url   port: null,
12 verbose parsed url   hostname: null,
12 verbose parsed url   hash: null,
12 verbose parsed url   search: null,
12 verbose parsed url   query: null,
12 verbose parsed url   pathname: 'colors@^1.0.3',
12 verbose parsed url   path: 'colors@^1.0.3',
12 verbose parsed url   href: 'colors@^1.0.3' }
13 verbose cache add [ 'connect-livereload@^0.5.0', null ]
14 verbose cache add name=undefined spec="connect-livereload@^0.5.0" args=["connect-livereload@^0.5.0",null]
15 verbose parsed url { protocol: null,
15 verbose parsed url   slashes: null,
15 verbose parsed url   auth: null,
15 verbose parsed url   host: null,
15 verbose parsed url   port: null,
15 verbose parsed url   hostname: null,
15 verbose parsed url   hash: null,
15 verbose parsed url   search: null,
15 verbose parsed url   query: null,
15 verbose parsed url   pathname: 'connect-livereload@^0.5.0',
15 verbose parsed url   path: 'connect-livereload@^0.5.0',
15 verbose parsed url   href: 'connect-livereload@^0.5.0' }
16 verbose cache add [ 'express@^4.10.3', null ]
17 verbose cache add name=undefined spec="express@^4.10.3" args=["express@^4.10.3",null]
18 verbose parsed url { protocol: null,
18 verbose parsed url   slashes: null,
18 verbose parsed url   auth: null,
18 verbose parsed url   host: null,
18 verbose parsed url   port: null,
18 verbose parsed url   hostname: null,
18 verbose parsed url   hash: null,
18 verbose parsed url   search: null,
18 verbose parsed url   query: null,
18 verbose parsed url   pathname: 'express@^4.10.3',
18 verbose parsed url   path: 'express@^4.10.3',
18 verbose parsed url   href: 'express@^4.10.3' }
19 verbose cache add [ 'gulp@^3.8.10', null ]
20 verbose cache add name=undefined spec="gulp@^3.8.10" args=["gulp@^3.8.10",null]
21 verbose parsed url { protocol: null,
21 verbose parsed url   slashes: null,
21 verbose parsed url   auth: null,
21 verbose parsed url   host: null,
21 verbose parsed url   port: null,
21 verbose parsed url   hostname: null,
21 verbose parsed url   hash: null,
21 verbose parsed url   search: null,
21 verbose parsed url   query: null,
21 verbose parsed url   pathname: 'gulp@^3.8.10',
21 verbose parsed url   path: 'gulp@^3.8.10',
21 verbose parsed url   href: 'gulp@^3.8.10' }
22 verbose cache add name="colors" spec="^1.0.3" args=["colors","^1.0.3"]
23 verbose parsed url { protocol: null,
23 verbose parsed url   slashes: null,
23 verbose parsed url   auth: null,
23 verbose parsed url   host: null,
23 verbose parsed url   port: null,
23 verbose parsed url   hostname: null,
23 verbose parsed url   hash: null,
23 verbose parsed url   search: null,
23 verbose parsed url   query: null,
23 verbose parsed url   pathname: '^1.0.3',
23 verbose parsed url   path: '^1.0.3',
23 verbose parsed url   href: '^1.0.3' }
24 verbose addNamed [ 'colors', '^1.0.3' ]
25 verbose addNamed [ null, '>=1.0.3-0 <2.0.0-0' ]
26 verbose cache add name="connect-livereload" spec="^0.5.0" args=["connect-livereload","^0.5.0"]
27 verbose parsed url { protocol: null,
27 verbose parsed url   slashes: null,
27 verbose parsed url   auth: null,
27 verbose parsed url   host: null,
27 verbose parsed url   port: null,
27 verbose parsed url   hostname: null,
27 verbose parsed url   hash: null,
27 verbose parsed url   search: null,
27 verbose parsed url   query: null,
27 verbose parsed url   pathname: '^0.5.0',
27 verbose parsed url   path: '^0.5.0',
27 verbose parsed url   href: '^0.5.0' }
28 verbose addNamed [ 'connect-livereload', '^0.5.0' ]
29 verbose addNamed [ null, '>=0.5.0-0 <0.6.0-0' ]
30 verbose cache add name="express" spec="^4.10.3" args=["express","^4.10.3"]
31 verbose parsed url { protocol: null,
31 verbose parsed url   slashes: null,
31 verbose parsed url   auth: null,
31 verbose parsed url   host: null,
31 verbose parsed url   port: null,
31 verbose parsed url   hostname: null,
31 verbose parsed url   hash: null,
31 verbose parsed url   search: null,
31 verbose parsed url   query: null,
31 verbose parsed url   pathname: '^4.10.3',
31 verbose parsed url   path: '^4.10.3',
31 verbose parsed url   href: '^4.10.3' }
32 verbose addNamed [ 'express', '^4.10.3' ]
33 verbose addNamed [ null, '>=4.10.3-0 <5.0.0-0' ]
34 verbose cache add [ 'gulp-develop-server@^0.2.5', null ]
35 verbose cache add name=undefined spec="gulp-develop-server@^0.2.5" args=["gulp-develop-server@^0.2.5",null]
36 verbose parsed url { protocol: null,
36 verbose parsed url   slashes: null,
36 verbose parsed url   auth: null,
36 verbose parsed url   host: null,
36 verbose parsed url   port: null,
36 verbose parsed url   hostname: null,
36 verbose parsed url   hash: null,
36 verbose parsed url   search: null,
36 verbose parsed url   query: null,
36 verbose parsed url   pathname: 'gulp-develop-server@^0.2.5',
36 verbose parsed url   path: 'gulp-develop-server@^0.2.5',
36 verbose parsed url   href: 'gulp-develop-server@^0.2.5' }
37 verbose cache add name="gulp" spec="^3.8.10" args=["gulp","^3.8.10"]
38 verbose parsed url { protocol: null,
38 verbose parsed url   slashes: null,
38 verbose parsed url   auth: null,
38 verbose parsed url   host: null,
38 verbose parsed url   port: null,
38 verbose parsed url   hostname: null,
38 verbose parsed url   hash: null,
38 verbose parsed url   search: null,
38 verbose parsed url   query: null,
38 verbose parsed url   pathname: '^3.8.10',
38 verbose parsed url   path: '^3.8.10',
38 verbose parsed url   href: '^3.8.10' }
39 verbose addNamed [ 'gulp', '^3.8.10' ]
40 verbose addNamed [ null, '>=3.8.10-0 <4.0.0-0' ]
41 silly lockFile b47db149-colors-1-0-3 colors@^1.0.3
42 verbose lock colors@^1.0.3 /home/maurizio/.npm/b47db149-colors-1-0-3.lock
43 silly lockFile 0eef2fe7-connect-livereload-0-5-0 connect-livereload@^0.5.0
44 verbose lock connect-livereload@^0.5.0 /home/maurizio/.npm/0eef2fe7-connect-livereload-0-5-0.lock
45 silly lockFile b8757474-express-4-10-3 express@^4.10.3
46 verbose lock express@^4.10.3 /home/maurizio/.npm/b8757474-express-4-10-3.lock
47 silly lockFile 25b88f7b-gulp-3-8-10 gulp@^3.8.10
48 verbose lock gulp@^3.8.10 /home/maurizio/.npm/25b88f7b-gulp-3-8-10.lock
49 verbose cache add [ 'gulp-livereload@^2.1.1', null ]
50 verbose cache add name=undefined spec="gulp-livereload@^2.1.1" args=["gulp-livereload@^2.1.1",null]
51 verbose parsed url { protocol: null,
51 verbose parsed url   slashes: null,
51 verbose parsed url   auth: null,
51 verbose parsed url   host: null,
51 verbose parsed url   port: null,
51 verbose parsed url   hostname: null,
51 verbose parsed url   hash: null,
51 verbose parsed url   search: null,
51 verbose parsed url   query: null,
51 verbose parsed url   pathname: 'gulp-livereload@^2.1.1',
51 verbose parsed url   path: 'gulp-livereload@^2.1.1',
51 verbose parsed url   href: 'gulp-livereload@^2.1.1' }
52 verbose cache add name="gulp-develop-server" spec="^0.2.5" args=["gulp-develop-server","^0.2.5"]
53 verbose parsed url { protocol: null,
53 verbose parsed url   slashes: null,
53 verbose parsed url   auth: null,
53 verbose parsed url   host: null,
53 verbose parsed url   port: null,
53 verbose parsed url   hostname: null,
53 verbose parsed url   hash: null,
53 verbose parsed url   search: null,
53 verbose parsed url   query: null,
53 verbose parsed url   pathname: '^0.2.5',
53 verbose parsed url   path: '^0.2.5',
53 verbose parsed url   href: '^0.2.5' }
54 verbose addNamed [ 'gulp-develop-server', '^0.2.5' ]
55 verbose addNamed [ null, '>=0.2.5-0 <0.3.0-0' ]
56 silly lockFile 284d8e47-gulp-develop-server-0-2-5 gulp-develop-server@^0.2.5
57 verbose lock gulp-develop-server@^0.2.5 /home/maurizio/.npm/284d8e47-gulp-develop-server-0-2-5.lock
58 verbose cache add [ 'tiny-lr@^0.1.4', null ]
59 verbose cache add name=undefined spec="tiny-lr@^0.1.4" args=["tiny-lr@^0.1.4",null]
60 verbose parsed url { protocol: null,
60 verbose parsed url   slashes: null,
60 verbose parsed url   auth: null,
60 verbose parsed url   host: null,
60 verbose parsed url   port: null,
60 verbose parsed url   hostname: null,
60 verbose parsed url   hash: null,
60 verbose parsed url   search: null,
60 verbose parsed url   query: null,
60 verbose parsed url   pathname: 'tiny-lr@^0.1.4',
60 verbose parsed url   path: 'tiny-lr@^0.1.4',
60 verbose parsed url   href: 'tiny-lr@^0.1.4' }
61 verbose cache add name="gulp-livereload" spec="^2.1.1" args=["gulp-livereload","^2.1.1"]
62 verbose parsed url { protocol: null,
62 verbose parsed url   slashes: null,
62 verbose parsed url   auth: null,
62 verbose parsed url   host: null,
62 verbose parsed url   port: null,
62 verbose parsed url   hostname: null,
62 verbose parsed url   hash: null,
62 verbose parsed url   search: null,
62 verbose parsed url   query: null,
62 verbose parsed url   pathname: '^2.1.1',
62 verbose parsed url   path: '^2.1.1',
62 verbose parsed url   href: '^2.1.1' }
63 verbose addNamed [ 'gulp-livereload', '^2.1.1' ]
64 verbose addNamed [ null, '>=2.1.1-0 <3.0.0-0' ]
65 silly lockFile 6983c389-gulp-livereload-2-1-1 gulp-livereload@^2.1.1
66 verbose lock gulp-livereload@^2.1.1 /home/maurizio/.npm/6983c389-gulp-livereload-2-1-1.lock
67 verbose cache add name="tiny-lr" spec="^0.1.4" args=["tiny-lr","^0.1.4"]
68 verbose parsed url { protocol: null,
68 verbose parsed url   slashes: null,
68 verbose parsed url   auth: null,
68 verbose parsed url   host: null,
68 verbose parsed url   port: null,
68 verbose parsed url   hostname: null,
68 verbose parsed url   hash: null,
68 verbose parsed url   search: null,
68 verbose parsed url   query: null,
68 verbose parsed url   pathname: '^0.1.4',
68 verbose parsed url   path: '^0.1.4',
68 verbose parsed url   href: '^0.1.4' }
69 verbose addNamed [ 'tiny-lr', '^0.1.4' ]
70 verbose addNamed [ null, '>=0.1.4-0 <0.2.0-0' ]
71 silly lockFile 46709613-tiny-lr-0-1-4 tiny-lr@^0.1.4
72 verbose lock tiny-lr@^0.1.4 /home/maurizio/.npm/46709613-tiny-lr-0-1-4.lock
73 silly addNameRange { name: 'colors', range: '>=1.0.3-0 <2.0.0-0', hasData: false }
74 silly addNameRange { name: 'connect-livereload',
74 silly addNameRange   range: '>=0.5.0-0 <0.6.0-0',
74 silly addNameRange   hasData: false }
75 silly addNameRange { name: 'gulp-develop-server',
75 silly addNameRange   range: '>=0.2.5-0 <0.3.0-0',
75 silly addNameRange   hasData: false }
76 silly addNameRange { name: 'gulp', range: '>=3.8.10-0 <4.0.0-0', hasData: false }
77 silly addNameRange { name: 'express', range: '>=4.10.3-0 <5.0.0-0', hasData: false }
78 silly addNameRange { name: 'gulp-livereload',
78 silly addNameRange   range: '>=2.1.1-0 <3.0.0-0',
78 silly addNameRange   hasData: false }
79 silly addNameRange { name: 'tiny-lr', range: '>=0.1.4-0 <0.2.0-0', hasData: false }
80 verbose request where is /colors
81 verbose request registry https://registry.npmjs.org/
82 verbose request id a5ec896986902bda
83 verbose url raw /colors
84 verbose url resolving [ 'https://registry.npmjs.org/', './colors' ]
85 verbose url resolved https://registry.npmjs.org/colors
86 verbose request where is https://registry.npmjs.org/colors
87 info trying registry request attempt 1 at 10:12:02
88 verbose etag "4SM0CTUS22ZR7NYJDM0KI4590"
89 http GET https://registry.npmjs.org/colors
90 verbose request where is /gulp-develop-server
91 verbose request registry https://registry.npmjs.org/
92 verbose url raw /gulp-develop-server
93 verbose url resolving [ 'https://registry.npmjs.org/', './gulp-develop-server' ]
94 verbose url resolved https://registry.npmjs.org/gulp-develop-server
95 verbose request where is https://registry.npmjs.org/gulp-develop-server
96 info trying registry request attempt 1 at 10:12:02
97 verbose etag "3LCN8EF4YI9UJWCAKRUIPB4NU"
98 http GET https://registry.npmjs.org/gulp-develop-server
99 verbose request where is /connect-livereload
100 verbose request registry https://registry.npmjs.org/
101 verbose url raw /connect-livereload
102 verbose url resolving [ 'https://registry.npmjs.org/', './connect-livereload' ]
103 verbose url resolved https://registry.npmjs.org/connect-livereload
104 verbose request where is https://registry.npmjs.org/connect-livereload
105 info trying registry request attempt 1 at 10:12:02
106 verbose etag "5AIEYFVX8JLP0C0CMY96S3AH3"
107 http GET https://registry.npmjs.org/connect-livereload
108 verbose request where is /gulp
109 verbose request registry https://registry.npmjs.org/
110 verbose url raw /gulp
111 verbose url resolving [ 'https://registry.npmjs.org/', './gulp' ]
112 verbose url resolved https://registry.npmjs.org/gulp
113 verbose request where is https://registry.npmjs.org/gulp
114 info trying registry request attempt 1 at 10:12:02
115 verbose etag "B16M6SLUVDGYW1VUJITM6BVJL"
116 http GET https://registry.npmjs.org/gulp
117 verbose request where is /gulp-livereload
118 verbose request registry https://registry.npmjs.org/
119 verbose url raw /gulp-livereload
120 verbose url resolving [ 'https://registry.npmjs.org/', './gulp-livereload' ]
121 verbose url resolved https://registry.npmjs.org/gulp-livereload
122 verbose request where is https://registry.npmjs.org/gulp-livereload
123 info trying registry request attempt 1 at 10:12:02
124 verbose etag "ESZ0NBQAMYXJMS2D1PL2RBBHR"
125 http GET https://registry.npmjs.org/gulp-livereload
126 verbose request where is /tiny-lr
127 verbose request registry https://registry.npmjs.org/
128 verbose url raw /tiny-lr
129 verbose url resolving [ 'https://registry.npmjs.org/', './tiny-lr' ]
130 verbose url resolved https://registry.npmjs.org/tiny-lr
131 verbose request where is https://registry.npmjs.org/tiny-lr
132 info trying registry request attempt 1 at 10:12:02
133 verbose etag "190AZH5G8HF3ZCNZMFRG0QWD7"
134 http GET https://registry.npmjs.org/tiny-lr
135 verbose request where is /express
136 verbose request registry https://registry.npmjs.org/
137 verbose url raw /express
138 verbose url resolving [ 'https://registry.npmjs.org/', './express' ]
139 verbose url resolved https://registry.npmjs.org/express
140 verbose request where is https://registry.npmjs.org/express
141 info trying registry request attempt 1 at 10:12:02
142 verbose etag "AD0RVBOCQH106IOOWBFKCA99X"
143 http GET https://registry.npmjs.org/express
144 http 200 https://registry.npmjs.org/colors
145 silly registry.get cb [ 200,
145 silly registry.get   { date: 'Mon, 23 Feb 2015 10:12:02 GMT',
145 silly registry.get     server: 'CouchDB/1.5.0 (Erlang OTP/R16B03)',
145 silly registry.get     etag: '"3QQHVA37I0XKG7DSABKFB4NC4"',
145 silly registry.get     'content-type': 'application/json',
145 silly registry.get     'cache-control': 'max-age=60',
145 silly registry.get     'content-length': '15958',
145 silly registry.get     'accept-ranges': 'bytes',
145 silly registry.get     via: '1.1 varnish',
145 silly registry.get     age: '0',
145 silly registry.get     'x-served-by': 'cache-fra1251-FRA',
145 silly registry.get     'x-cache': 'HIT',
145 silly registry.get     'x-cache-hits': '1',
145 silly registry.get     'x-timer': 'S1424686322.971219,VS0,VE0',
145 silly registry.get     vary: 'Accept',
145 silly registry.get     'keep-alive': 'timeout=10, max=50',
145 silly registry.get     connection: 'Keep-Alive' } ]
146 silly addNameRange number 2 { name: 'colors', range: '>=1.0.3-0 <2.0.0-0', hasData: true }
147 silly addNameRange versions [ 'colors',
147 silly addNameRange   [ '0.3.0',
147 silly addNameRange     '0.5.0',
147 silly addNameRange     '0.5.1',
147 silly addNameRange     '0.6.0',
147 silly addNameRange     '0.6.0-1',
147 silly addNameRange     '0.6.1',
147 silly addNameRange     '0.6.2',
147 silly addNameRange     '1.0.0',
147 silly addNameRange     '1.0.1',
147 silly addNameRange     '1.0.2',
147 silly addNameRange     '1.0.3' ] ]
148 verbose addNamed [ 'colors', '1.0.3' ]
149 verbose addNamed [ '1.0.3', '1.0.3' ]
150 silly lockFile 2ed681a9-colors-1-0-3 colors@1.0.3
151 verbose lock colors@1.0.3 /home/maurizio/.npm/2ed681a9-colors-1-0-3.lock
152 silly lockFile 2ed681a9-colors-1-0-3 colors@1.0.3
153 silly lockFile 2ed681a9-colors-1-0-3 colors@1.0.3
154 silly lockFile b47db149-colors-1-0-3 colors@^1.0.3
155 silly lockFile b47db149-colors-1-0-3 colors@^1.0.3
156 http 200 https://registry.npmjs.org/connect-livereload
157 silly registry.get cb [ 200,
157 silly registry.get   { date: 'Mon, 23 Feb 2015 10:12:03 GMT',
157 silly registry.get     server: 'CouchDB/1.5.0 (Erlang OTP/R16B03)',
157 silly registry.get     etag: '"38BXG79SRPY00PQOPZRCWQKZX"',
157 silly registry.get     'content-type': 'application/json',
157 silly registry.get     'cache-control': 'max-age=60',
157 silly registry.get     'content-length': '23664',
157 silly registry.get     'accept-ranges': 'bytes',
157 silly registry.get     via: '1.1 varnish',
157 silly registry.get     age: '0',
157 silly registry.get     'x-served-by': 'cache-fra1227-FRA',
157 silly registry.get     'x-cache': 'HIT',
157 silly registry.get     'x-cache-hits': '1',
157 silly registry.get     'x-timer': 'S1424686322.971711,VS0,VE109',
157 silly registry.get     vary: 'Accept',
157 silly registry.get     'keep-alive': 'timeout=10, max=50',
157 silly registry.get     connection: 'Keep-Alive' } ]
158 silly addNameRange number 2 { name: 'connect-livereload',
158 silly addNameRange   range: '>=0.5.0-0 <0.6.0-0',
158 silly addNameRange   hasData: true }
159 silly addNameRange versions [ 'connect-livereload',
159 silly addNameRange   [ '0.0.2',
159 silly addNameRange     '0.0.3',
159 silly addNameRange     '0.1.0',
159 silly addNameRange     '0.1.1',
159 silly addNameRange     '0.1.2',
159 silly addNameRange     '0.1.3',
159 silly addNameRange     '0.1.4',
159 silly addNameRange     '0.2.0',
159 silly addNameRange     '0.3.0',
159 silly addNameRange     '0.3.1',
159 silly addNameRange     '0.3.2',
159 silly addNameRange     '0.4.0',
159 silly addNameRange     '0.4.1',
159 silly addNameRange     '0.5.0',
159 silly addNameRange     '0.5.1',
159 silly addNameRange     '0.5.2',
159 silly addNameRange     '0.5.3' ] ]
160 verbose addNamed [ 'connect-livereload', '0.5.3' ]
161 verbose addNamed [ '0.5.3', '0.5.3' ]
162 silly lockFile cf0a7468-connect-livereload-0-5-3 connect-livereload@0.5.3
163 verbose lock connect-livereload@0.5.3 /home/maurizio/.npm/cf0a7468-connect-livereload-0-5-3.lock
164 silly lockFile e2a0b172-oad-connect-livereload-0-5-3-tgz https://registry.npmjs.org/connect-livereload/-/connect-livereload-0.5.3.tgz
165 verbose lock https://registry.npmjs.org/connect-livereload/-/connect-livereload-0.5.3.tgz /home/maurizio/.npm/e2a0b172-oad-connect-livereload-0-5-3-tgz.lock
166 verbose addRemoteTarball [ 'https://registry.npmjs.org/connect-livereload/-/connect-livereload-0.5.3.tgz',
166 verbose addRemoteTarball   'cd2040a959b1d9caf94fec6c05a775b813b43f6e' ]
167 info retry fetch attempt 1 at 10:12:03
168 verbose fetch to= /tmp/npm-10369-ix_KFkiT/registry.npmjs.org/connect-livereload/-/connect-livereload-0.5.3.tgz
169 http GET https://registry.npmjs.org/connect-livereload/-/connect-livereload-0.5.3.tgz
170 http 304 https://registry.npmjs.org/gulp-develop-server
171 silly registry.get cb [ 304,
171 silly registry.get   { date: 'Mon, 23 Feb 2015 10:12:02 GMT',
171 silly registry.get     server: 'Apache',
171 silly registry.get     via: '1.1 varnish',
171 silly registry.get     'last-modified': 'Mon, 23 Feb 2015 10:12:03 GMT',
171 silly registry.get     'cache-control': 'max-age=60',
171 silly registry.get     etag: '"3LCN8EF4YI9UJWCAKRUIPB4NU"',
171 silly registry.get     age: '0',
171 silly registry.get     'x-served-by': 'cache-fra1245-FRA',
171 silly registry.get     'x-cache': 'MISS',
171 silly registry.get     'x-cache-hits': '0',
171 silly registry.get     'x-timer': 'S1424686322.971603,VS0,VE341',
171 silly registry.get     vary: 'Accept',
171 silly registry.get     'content-length': '0',
171 silly registry.get     'keep-alive': 'timeout=10, max=50',
171 silly registry.get     connection: 'Keep-Alive' } ]
172 verbose etag https://registry.npmjs.org/gulp-develop-server from cache
173 http 200 https://registry.npmjs.org/tiny-lr
174 silly registry.get cb [ 200,
174 silly registry.get   { date: 'Mon, 23 Feb 2015 10:12:03 GMT',
174 silly registry.get     server: 'CouchDB/1.5.0 (Erlang OTP/R16B03)',
174 silly registry.get     etag: '"46VRE1306OXIYXFD9X69PIS6S"',
174 silly registry.get     'content-type': 'application/json',
174 silly registry.get     'cache-control': 'max-age=60',
174 silly registry.get     'content-length': '28225',
174 silly registry.get     'accept-ranges': 'bytes',
174 silly registry.get     via: '1.1 varnish',
174 silly registry.get     age: '1',
174 silly registry.get     'x-served-by': 'cache-fra1251-FRA',
174 silly registry.get     'x-cache': 'HIT',
174 silly registry.get     'x-cache-hits': '1',
174 silly registry.get     'x-timer': 'S1424686323.237822,VS0,VE0',
174 silly registry.get     vary: 'Accept',
174 silly registry.get     'keep-alive': 'timeout=10, max=49',
174 silly registry.get     connection: 'Keep-Alive' } ]
175 silly addNameRange number 2 { name: 'gulp-develop-server',
175 silly addNameRange   range: '>=0.2.5-0 <0.3.0-0',
175 silly addNameRange   hasData: true }
176 silly addNameRange versions [ 'gulp-develop-server',
176 silly addNameRange   [ '0.0.1',
176 silly addNameRange     '0.0.2',
176 silly addNameRange     '0.0.3',
176 silly addNameRange     '0.0.5',
176 silly addNameRange     '0.0.6',
176 silly addNameRange     '0.1.0',
176 silly addNameRange     '0.1.1',
176 silly addNameRange     '0.1.2',
176 silly addNameRange     '0.1.3',
176 silly addNameRange     '0.1.4',
176 silly addNameRange     '0.1.5',
176 silly addNameRange     '0.1.6',
176 silly addNameRange     '0.1.7',
176 silly addNameRange     '0.2.0',
176 silly addNameRange     '0.2.1',
176 silly addNameRange     '0.2.4',
176 silly addNameRange     '0.2.5' ] ]
177 verbose addNamed [ 'gulp-develop-server', '0.2.5' ]
178 verbose addNamed [ '0.2.5', '0.2.5' ]
179 silly lockFile fc9b169c-gulp-develop-server-0-2-5 gulp-develop-server@0.2.5
180 verbose lock gulp-develop-server@0.2.5 /home/maurizio/.npm/fc9b169c-gulp-develop-server-0-2-5.lock
181 silly addNameRange number 2 { name: 'tiny-lr', range: '>=0.1.4-0 <0.2.0-0', hasData: true }
182 silly addNameRange versions [ 'tiny-lr',
182 silly addNameRange   [ '0.0.1',
182 silly addNameRange     '0.0.2',
182 silly addNameRange     '0.0.3',
182 silly addNameRange     '0.0.4',
182 silly addNameRange     '0.0.5',
182 silly addNameRange     '0.0.7',
182 silly addNameRange     '0.0.8',
182 silly addNameRange     '0.0.9',
182 silly addNameRange     '0.1.0',
182 silly addNameRange     '0.1.1',
182 silly addNameRange     '0.1.3',
182 silly addNameRange     '0.1.4',
182 silly addNameRange     '0.1.5' ] ]
183 verbose addNamed [ 'tiny-lr', '0.1.5' ]
184 verbose addNamed [ '0.1.5', '0.1.5' ]
185 silly lockFile a548e291-tiny-lr-0-1-5 tiny-lr@0.1.5
186 verbose lock tiny-lr@0.1.5 /home/maurizio/.npm/a548e291-tiny-lr-0-1-5.lock
187 silly lockFile fc9b169c-gulp-develop-server-0-2-5 gulp-develop-server@0.2.5
188 silly lockFile fc9b169c-gulp-develop-server-0-2-5 gulp-develop-server@0.2.5
189 silly lockFile a548e291-tiny-lr-0-1-5 tiny-lr@0.1.5
190 silly lockFile a548e291-tiny-lr-0-1-5 tiny-lr@0.1.5
191 silly lockFile 284d8e47-gulp-develop-server-0-2-5 gulp-develop-server@^0.2.5
192 silly lockFile 284d8e47-gulp-develop-server-0-2-5 gulp-develop-server@^0.2.5
193 silly lockFile 46709613-tiny-lr-0-1-4 tiny-lr@^0.1.4
194 silly lockFile 46709613-tiny-lr-0-1-4 tiny-lr@^0.1.4
195 http 200 https://registry.npmjs.org/gulp
196 silly registry.get cb [ 200,
196 silly registry.get   { date: 'Mon, 23 Feb 2015 10:12:02 GMT',
196 silly registry.get     server: 'CouchDB/1.6.1 (Erlang OTP/R14B04)',
196 silly registry.get     etag: '"1D1K60Z7B6TFOXZ6C3CXYUJC2"',
196 silly registry.get     'content-type': 'application/json',
196 silly registry.get     'cache-control': 'max-age=60',
196 silly registry.get     'content-length': '100119',
196 silly registry.get     'accept-ranges': 'bytes',
196 silly registry.get     via: '1.1 varnish',
196 silly registry.get     age: '53',
196 silly registry.get     'x-served-by': 'cache-fra1225-FRA',
196 silly registry.get     'x-cache': 'HIT',
196 silly registry.get     'x-cache-hits': '1',
196 silly registry.get     'x-timer': 'S1424686322.971027,VS0,VE0',
196 silly registry.get     vary: 'Accept',
196 silly registry.get     'keep-alive': 'timeout=10, max=50',
196 silly registry.get     connection: 'Keep-Alive' } ]
197 silly addNameRange number 2 { name: 'gulp', range: '>=3.8.10-0 <4.0.0-0', hasData: true }
198 silly addNameRange versions [ 'gulp',
198 silly addNameRange   [ '0.0.1',
198 silly addNameRange     '0.0.2',
198 silly addNameRange     '0.0.3',
198 silly addNameRange     '0.0.4',
198 silly addNameRange     '0.0.5',
198 silly addNameRange     '0.0.7',
198 silly addNameRange     '0.0.8',
198 silly addNameRange     '0.0.9',
198 silly addNameRange     '0.1.0',
198 silly addNameRange     '0.2.0',
198 silly addNameRange     '1.0.0',
198 silly addNameRange     '1.1.0',
198 silly addNameRange     '1.2.0',
198 silly addNameRange     '1.2.1',
198 silly addNameRange     '2.0.0',
198 silly addNameRange     '2.0.1',
198 silly addNameRange     '2.1.0',
198 silly addNameRange     '2.2.0',
198 silly addNameRange     '2.3.0',
198 silly addNameRange     '2.4.0',
198 silly addNameRange     '2.4.1',
198 silly addNameRange     '2.6.0',
198 silly addNameRange     '2.6.1',
198 silly addNameRange     '2.7.0',
198 silly addNameRange     '3.0.0',
198 silly addNameRange     '3.1.1',
198 silly addNameRange     '3.1.2',
198 silly addNameRange     '3.1.3',
198 silly addNameRange     '3.1.4',
198 silly addNameRange     '3.2.0',
198 silly addNameRange     '3.2.1',
198 silly addNameRange     '3.2.2',
198 silly addNameRange     '3.2.3',
198 silly addNameRange     '3.2.4',
198 silly addNameRange     '3.2.5',
198 silly addNameRange     '3.3.0',
198 silly addNameRange     '3.3.1',
198 silly addNameRange     '3.3.2',
198 silly addNameRange     '3.3.4',
198 silly addNameRange     '3.4.0',
198 silly addNameRange     '3.5.0',
198 silly addNameRange     '3.5.1',
198 silly addNameRange     '3.5.2',
198 silly addNameRange     '3.5.5',
198 silly addNameRange     '3.5.6',
198 silly addNameRange     '3.6.0',
198 silly addNameRange     '3.6.1',
198 silly addNameRange     '3.6.2',
198 silly addNameRange     '3.7.0',
198 silly addNameRange     '3.8.0',
198 silly addNameRange     '3.8.1',
198 silly addNameRange     '3.8.2',
198 silly addNameRange     '3.8.3',
198 silly addNameRange     '3.8.4',
198 silly addNameRange     '3.8.5',
198 silly addNameRange     '3.8.6',
198 silly addNameRange     '3.8.7',
198 silly addNameRange     '3.8.8',
198 silly addNameRange     '3.8.9',
198 silly addNameRange     '3.8.10',
198 silly addNameRange     '3.8.11' ] ]
199 verbose addNamed [ 'gulp', '3.8.11' ]
200 verbose addNamed [ '3.8.11', '3.8.11' ]
201 silly lockFile 3d31ec08-gulp-3-8-11 gulp@3.8.11
202 verbose lock gulp@3.8.11 /home/maurizio/.npm/3d31ec08-gulp-3-8-11.lock
203 silly lockFile 2528ddbe-y-npmjs-org-gulp-gulp-3-8-11-tgz https://registry.npmjs.org/gulp/-/gulp-3.8.11.tgz
204 verbose lock https://registry.npmjs.org/gulp/-/gulp-3.8.11.tgz /home/maurizio/.npm/2528ddbe-y-npmjs-org-gulp-gulp-3-8-11-tgz.lock
205 verbose addRemoteTarball [ 'https://registry.npmjs.org/gulp/-/gulp-3.8.11.tgz',
205 verbose addRemoteTarball   'd557e0a7283eb4136491969b0497767972f1d28a' ]
206 info retry fetch attempt 1 at 10:12:03
207 verbose fetch to= /tmp/npm-10369-ix_KFkiT/registry.npmjs.org/gulp/-/gulp-3.8.11.tgz
208 http GET https://registry.npmjs.org/gulp/-/gulp-3.8.11.tgz
209 http 200 https://registry.npmjs.org/gulp-livereload
210 silly registry.get cb [ 200,
210 silly registry.get   { date: 'Mon, 23 Feb 2015 10:12:03 GMT',
210 silly registry.get     server: 'CouchDB/1.6.1 (Erlang OTP/R14B04)',
210 silly registry.get     etag: '"80P3EBNTZJV9W5P0XDJ6MXEXC"',
210 silly registry.get     'content-type': 'application/json',
210 silly registry.get     'cache-control': 'max-age=60',
210 silly registry.get     'content-length': '33440',
210 silly registry.get     'accept-ranges': 'bytes',
210 silly registry.get     via: '1.1 varnish',
210 silly registry.get     age: '0',
210 silly registry.get     'x-served-by': 'cache-fra1250-FRA',
210 silly registry.get     'x-cache': 'HIT',
210 silly registry.get     'x-cache-hits': '1',
210 silly registry.get     'x-timer': 'S1424686323.238209,VS0,VE106',
210 silly registry.get     vary: 'Accept',
210 silly registry.get     'keep-alive': 'timeout=10, max=50',
210 silly registry.get     connection: 'Keep-Alive' } ]
211 silly addNameRange number 2 { name: 'gulp-livereload',
211 silly addNameRange   range: '>=2.1.1-0 <3.0.0-0',
211 silly addNameRange   hasData: true }
212 silly addNameRange versions [ 'gulp-livereload',
212 silly addNameRange   [ '0.1.1',
212 silly addNameRange     '0.2.0',
212 silly addNameRange     '0.3.0',
212 silly addNameRange     '0.3.1',
212 silly addNameRange     '0.3.2',
212 silly addNameRange     '1.0.0',
212 silly addNameRange     '1.0.1',
212 silly addNameRange     '1.1.0',
212 silly addNameRange     '1.1.1',
212 silly addNameRange     '1.2.0',
212 silly addNameRange     '1.3.1',
212 silly addNameRange     '1.4.1',
212 silly addNameRange     '1.4.2',
212 silly addNameRange     '1.5.0',
212 silly addNameRange     '2.0.0',
212 silly addNameRange     '2.1.0',
212 silly addNameRange     '2.1.1',
212 silly addNameRange     '3.0.0',
212 silly addNameRange     '3.0.1',
212 silly addNameRange     '3.0.2',
212 silly addNameRange     '3.1.0',
212 silly addNameRange     '3.2.0',
212 silly addNameRange     '3.3.0',
212 silly addNameRange     '3.4.0',
212 silly addNameRange     '3.5.0',
212 silly addNameRange     '3.6.0',
212 silly addNameRange     '3.7.0' ] ]
213 verbose addNamed [ 'gulp-livereload', '2.1.1' ]
214 verbose addNamed [ '2.1.1', '2.1.1' ]
215 silly lockFile e881b615-gulp-livereload-2-1-1 gulp-livereload@2.1.1
216 verbose lock gulp-livereload@2.1.1 /home/maurizio/.npm/e881b615-gulp-livereload-2-1-1.lock
217 silly lockFile e881b615-gulp-livereload-2-1-1 gulp-livereload@2.1.1
218 silly lockFile e881b615-gulp-livereload-2-1-1 gulp-livereload@2.1.1
219 silly lockFile 6983c389-gulp-livereload-2-1-1 gulp-livereload@^2.1.1
220 silly lockFile 6983c389-gulp-livereload-2-1-1 gulp-livereload@^2.1.1
221 http 200 https://registry.npmjs.org/connect-livereload/-/connect-livereload-0.5.3.tgz
222 silly lockFile e2a0b172-oad-connect-livereload-0-5-3-tgz https://registry.npmjs.org/connect-livereload/-/connect-livereload-0.5.3.tgz
223 silly lockFile e2a0b172-oad-connect-livereload-0-5-3-tgz https://registry.npmjs.org/connect-livereload/-/connect-livereload-0.5.3.tgz
224 silly lockFile cf0a7468-connect-livereload-0-5-3 connect-livereload@0.5.3
225 silly lockFile cf0a7468-connect-livereload-0-5-3 connect-livereload@0.5.3
226 silly lockFile 0eef2fe7-connect-livereload-0-5-0 connect-livereload@^0.5.0
227 silly lockFile 0eef2fe7-connect-livereload-0-5-0 connect-livereload@^0.5.0
228 http 200 https://registry.npmjs.org/gulp/-/gulp-3.8.11.tgz
229 silly lockFile 2528ddbe-y-npmjs-org-gulp-gulp-3-8-11-tgz https://registry.npmjs.org/gulp/-/gulp-3.8.11.tgz
230 silly lockFile 2528ddbe-y-npmjs-org-gulp-gulp-3-8-11-tgz https://registry.npmjs.org/gulp/-/gulp-3.8.11.tgz
231 silly lockFile 3d31ec08-gulp-3-8-11 gulp@3.8.11
232 silly lockFile 3d31ec08-gulp-3-8-11 gulp@3.8.11
233 silly lockFile 25b88f7b-gulp-3-8-10 gulp@^3.8.10
234 silly lockFile 25b88f7b-gulp-3-8-10 gulp@^3.8.10
235 http 200 https://registry.npmjs.org/express
236 silly registry.get cb [ 200,
236 silly registry.get   { date: 'Mon, 23 Feb 2015 10:12:03 GMT',
236 silly registry.get     server: 'CouchDB/1.5.0 (Erlang OTP/R16B03)',
236 silly registry.get     etag: '"4VF4DE3BYB8U3OS1R8AHWXJK2"',
236 silly registry.get     'content-type': 'application/json',
236 silly registry.get     'cache-control': 'max-age=60',
236 silly registry.get     'content-length': '476323',
236 silly registry.get     'accept-ranges': 'bytes',
236 silly registry.get     via: '1.1 varnish',
236 silly registry.get     age: '26',
236 silly registry.get     'x-served-by': 'cache-fra1227-FRA',
236 silly registry.get     'x-cache': 'HIT',
236 silly registry.get     'x-cache-hits': '1',
236 silly registry.get     'x-timer': 'S1424686323.366103,VS0,VE3',
236 silly registry.get     vary: 'Accept',
236 silly registry.get     'keep-alive': 'timeout=10, max=49',
236 silly registry.get     connection: 'Keep-Alive' } ]
237 silly addNameRange number 2 { name: 'express', range: '>=4.10.3-0 <5.0.0-0', hasData: true }
238 silly addNameRange versions [ 'express',
238 silly addNameRange   [ '0.14.0',
238 silly addNameRange     '0.14.1',
238 silly addNameRange     '1.0.0',
238 silly addNameRange     '1.0.1',
238 silly addNameRange     '1.0.2',
238 silly addNameRange     '1.0.3',
238 silly addNameRange     '1.0.4',
238 silly addNameRange     '1.0.5',
238 silly addNameRange     '1.0.6',
238 silly addNameRange     '1.0.7',
238 silly addNameRange     '1.0.8',
238 silly addNameRange     '2.0.0',
238 silly addNameRange     '2.1.0',
238 silly addNameRange     '2.1.1',
238 silly addNameRange     '2.2.0',
238 silly addNameRange     '2.2.1',
238 silly addNameRange     '2.2.2',
238 silly addNameRange     '2.3.0',
238 silly addNameRange     '2.3.1',
238 silly addNameRange     '2.3.2',
238 silly addNameRange     '2.3.3',
238 silly addNameRange     '2.3.4',
238 silly addNameRange     '2.3.5',
238 silly addNameRange     '2.3.6',
238 silly addNameRange     '2.3.7',
238 silly addNameRange     '2.3.8',
238 silly addNameRange     '2.3.9',
238 silly addNameRange     '2.3.10',
238 silly addNameRange     '2.3.11',
238 silly addNameRange     '2.3.12',
238 silly addNameRange     '2.4.0',
238 silly addNameRange     '2.4.1',
238 silly addNameRange     '2.4.2',
238 silly addNameRange     '2.4.3',
238 silly addNameRange     '2.4.4',
238 silly addNameRange     '2.4.5',
238 silly addNameRange     '2.4.6',
238 silly addNameRange     '2.4.7',
238 silly addNameRange     '2.5.0',
238 silly addNameRange     '2.5.1',
238 silly addNameRange     '2.5.2',
238 silly addNameRange     '2.5.3',
238 silly addNameRange     '2.5.4',
238 silly addNameRange     '2.5.5',
238 silly addNameRange     '2.5.6',
238 silly addNameRange     '2.5.7',
238 silly addNameRange     '2.5.8',
238 silly addNameRange     '2.5.9',
238 silly addNameRange     '2.5.10',
238 silly addNameRange     '2.5.11',
238 silly addNameRange     '3.0.0',
238 silly addNameRange     '3.0.1',
238 silly addNameRange     '3.0.2',
238 silly addNameRange     '3.0.3',
238 silly addNameRange     '3.0.4',
238 silly addNameRange     '3.0.5',
238 silly addNameRange     '3.0.6',
238 silly addNameRange     '3.1.0',
238 silly addNameRange     '3.1.1',
238 silly addNameRange     '3.1.2',
238 silly addNameRange     '3.2.0',
238 silly addNameRange     '3.2.1',
238 silly addNameRange     '3.2.2',
238 silly addNameRange     '3.2.3',
238 silly addNameRange     '3.2.4',
238 silly addNameRange     '3.2.5',
238 silly addNameRange     '3.2.6',
238 silly addNameRange     '3.3.0',
238 silly addNameRange     '3.3.1',
238 silly addNameRange     '3.3.2',
238 silly addNameRange     '3.3.3',
238 silly addNameRange     '3.3.4',
238 silly addNameRange     '3.3.5',
238 silly addNameRange     '3.3.6',
238 silly addNameRange     '1.0.0-beta',
238 silly addNameRange     '1.0.0-beta2',
238 silly addNameRange     '1.0.0-rc',
238 silly addNameRange     '1.0.0-rc2',
238 silly addNameRange     '1.0.0-rc3',
238 silly addNameRange     '1.0.0-rc4',
238 silly addNameRange     '2.0.0-beta',
238 silly addNameRange     '2.0.0-beta2',
238 silly addNameRange     '2.0.0-beta3',
238 silly addNameRange     '2.0.0-rc',
238 silly addNameRange     '2.0.0-rc2',
238 silly addNameRange     '2.0.0-rc3',
238 silly addNameRange     '3.0.0-alpha1',
238 silly addNameRange     '3.0.0-alpha2',
238 silly addNameRange     '3.0.0-alpha3',
238 silly addNameRange     '3.0.0-alpha4',
238 silly addNameRange     '3.0.0-alpha5',
238 silly addNameRange     '3.0.0-beta1',
238 silly addNameRange     '3.0.0-beta2',
238 silly addNameRange     '3.0.0-beta3',
238 silly addNameRange     '3.0.0-beta4',
238 silly addNameRange     '3.0.0-beta6',
238 silly addNameRange     '3.0.0-beta7',
238 silly addNameRange     '3.0.0-rc1',
238 silly addNameRange     '3.0.0-rc2',
238 silly addNameRange     '3.0.0-rc3',
238 silly addNameRange     '3.0.0-rc4',
238 silly addNameRange     '3.0.0-rc5',
238 silly addNameRange     '3.3.7',
238 silly addNameRange     '3.3.8',
238 silly addNameRange     '3.4.0',
238 silly addNameRange     '3.4.1',
238 silly addNameRange     '3.4.2',
238 silly addNameRange     '3.4.3',
238 silly addNameRange     '3.4.4',
238 silly addNameRange     '3.4.5',
238 silly addNameRange     '3.4.6',
238 silly addNameRange     '3.4.7',
238 silly addNameRange     '3.4.8',
238 silly addNameRange     '4.0.0-rc1',
238 silly addNameRange     '4.0.0-rc2',
238 silly addNameRange     '3.5.0',
238 silly addNameRange     '4.0.0-rc3',
238 silly addNameRange     '4.0.0-rc4',
238 silly addNameRange     '3.5.1',
238 silly addNameRange     '4.0.0',
238 silly addNameRange     '3.5.2',
238 silly addNameRange     '4.1.0',
238 silly addNameRange     '4.1.1',
238 silly addNameRange     '3.5.3',
238 silly addNameRange     '4.1.2',
238 silly addNameRange     '3.6.0',
238 silly addNameRange     '4.2.0',
238 silly addNameRange     '3.7.0',
238 silly addNameRange     '3.8.0',
238 silly addNameRange     '4.3.0',
238 silly addNameRange     '4.3.1',
238 silly addNameRange     '3.8.1',
238 silly addNameRange     '4.3.2',
238 silly addNameRange     '3.9.0',
238 silly addNameRange     '4.4.0',
238 silly addNameRange     '4.4.1',
238 silly addNameRange     '3.10.0',
238 silly addNameRange     '3.10.1',
238 silly addNameRange     '3.10.2',
238 silly addNameRange     '3.10.3',
238 silly addNameRange     '3.10.4',
238 silly addNameRange     '4.4.2',
238 silly addNameRange     '3.10.5',
238 silly addNameRange     '4.4.3',
238 silly addNameRange     '3.11.0',
238 silly addNameRange     '4.4.4',
238 silly addNameRange     '3.12.0',
238 silly addNameRange     '3.12.1',
238 silly addNameRange     '4.4.5',
238 silly addNameRange     '3.13.0',
238 silly addNameRange     '4.5.0',
238 silly addNameRange     '4.5.1',
238 silly addNameRange     '3.14.0',
238 silly addNameRange     '4.6.0',
238 silly addNameRange     '4.6.1',
238 silly addNameRange     '3.15.0',
238 silly addNameRange     '4.7.0',
238 silly addNameRange     '3.15.1',
238 silly addNameRange     '4.7.1',
238 silly addNameRange     '3.15.2',
238 silly addNameRange     '4.7.2',
238 silly addNameRange     '4.7.3',
238 silly addNameRange     '3.15.3',
238 silly addNameRange     '4.7.4',
238 silly addNameRange     '3.16.0',
238 silly addNameRange     '4.8.0',
238 silly addNameRange     '3.16.1',
238 silly addNameRange     '4.8.1',
238 silly addNameRange     '3.16.2',
238 silly addNameRange     '4.8.2',
238 silly addNameRange     '3.16.3',
238 silly addNameRange     '3.16.4',
238 silly addNameRange     '4.8.3',
238 silly addNameRange     '3.16.5',
238 silly addNameRange     '3.16.6',
238 silly addNameRange     '4.8.4',
238 silly addNameRange     '3.16.7',
238 silly addNameRange     '4.8.5',
238 silly addNameRange     '3.16.8',
238 silly addNameRange     '4.8.6',
238 silly addNameRange     '3.16.9',
238 silly addNameRange     '4.8.7',
238 silly addNameRange     '3.16.10',
238 silly addNameRange     '4.8.8',
238 silly addNameRange     '3.17.0',
238 silly addNameRange     '3.17.1',
238 silly addNameRange     '4.9.0',
238 silly addNameRange     '3.17.2',
238 silly addNameRange     '4.9.1',
238 silly addNameRange     '4.9.2',
238 silly addNameRange     '3.17.3',
238 silly addNameRange     '4.9.3',
238 silly addNameRange     '3.17.4',
238 silly addNameRange     '4.9.4',
238 silly addNameRange     '3.17.5',
238 silly addNameRange     '4.9.5',
238 silly addNameRange     '3.17.6',
238 silly addNameRange     '3.17.7',
238 silly addNameRange     '4.9.6',
238 silly addNameRange     '4.9.7',
238 silly addNameRange     '3.17.8',
238 silly addNameRange     '4.9.8',
238 silly addNameRange     '3.18.0',
238 silly addNameRange     '3.18.1',
238 silly addNameRange     '4.10.0',
238 silly addNameRange     '3.18.2',
238 silly addNameRange     '4.10.1',
238 silly addNameRange     '5.0.0-alpha.1',
238 silly addNameRange     '3.18.3',
238 silly addNameRange     '4.10.2',
238 silly addNameRange     '3.18.4',
238 silly addNameRange     '4.10.3',
238 silly addNameRange     '4.10.4',
238 silly addNameRange     '4.10.5',
238 silly addNameRange     '3.18.5',
238 silly addNameRange     '3.18.6',
238 silly addNameRange     '4.10.6',
238 silly addNameRange     '4.10.7',
238 silly addNameRange     '3.19.0',
238 silly addNameRange     '4.10.8',
238 silly addNameRange     '4.11.0',
238 silly addNameRange     '3.19.1',
238 silly addNameRange     '4.11.1',
238 silly addNameRange     '3.19.2',
238 silly addNameRange     '4.11.2',
238 silly addNameRange     '3.20.0',
238 silly addNameRange     '4.12.0' ] ]
239 verbose addNamed [ 'express', '4.12.0' ]
240 verbose addNamed [ '4.12.0', '4.12.0' ]
241 silly lockFile 334bb224-express-4-12-0 express@4.12.0
242 verbose lock express@4.12.0 /home/maurizio/.npm/334bb224-express-4-12-0.lock
243 silly lockFile 87f456d7-s-org-express-express-4-12-0-tgz https://registry.npmjs.org/express/-/express-4.12.0.tgz
244 verbose lock https://registry.npmjs.org/express/-/express-4.12.0.tgz /home/maurizio/.npm/87f456d7-s-org-express-express-4-12-0-tgz.lock
245 verbose addRemoteTarball [ 'https://registry.npmjs.org/express/-/express-4.12.0.tgz',
245 verbose addRemoteTarball   '739660fce86acbc11ba9c37dc96ff009dc9975e8' ]
246 info retry fetch attempt 1 at 10:12:04
247 verbose fetch to= /tmp/npm-10369-ix_KFkiT/registry.npmjs.org/express/-/express-4.12.0.tgz
248 http GET https://registry.npmjs.org/express/-/express-4.12.0.tgz
249 http 200 https://registry.npmjs.org/express/-/express-4.12.0.tgz
250 silly lockFile 87f456d7-s-org-express-express-4-12-0-tgz https://registry.npmjs.org/express/-/express-4.12.0.tgz
251 silly lockFile 87f456d7-s-org-express-express-4-12-0-tgz https://registry.npmjs.org/express/-/express-4.12.0.tgz
252 silly lockFile 334bb224-express-4-12-0 express@4.12.0
253 silly lockFile 334bb224-express-4-12-0 express@4.12.0
254 silly lockFile b8757474-express-4-10-3 express@^4.10.3
255 silly lockFile b8757474-express-4-10-3 express@^4.10.3
256 error Error: EACCES, mkdir '/home/maurizio/.npm/gulp/3.8.11'
256 error  { [Error: EACCES, mkdir '/home/maurizio/.npm/gulp/3.8.11']
256 error   errno: 3,
256 error   code: 'EACCES',
256 error   path: '/home/maurizio/.npm/gulp/3.8.11',
256 error   parent: 'angular-material-test' }
257 error Please try running this command again as root/Administrator.
258 error System Linux 3.16.0-30-generic
259 error command "/usr/bin/node" "/usr/bin/npm" "install"
260 error cwd /home/maurizio/angularJs-apps/events-manager
261 error node -v v0.10.36
262 error npm -v 1.4.28
263 error path /home/maurizio/.npm/gulp/3.8.11
264 error code EACCES
265 error errno 3
266 error stack Error: EACCES, mkdir '/home/maurizio/.npm/gulp/3.8.11'
267 verbose exit [ 3, true ]
